make UrukStore --dry-run --always-make --keep-going --print-directory
make: Entering directory '/home/lucius/Desktop/Uruk-Store'
/usr/bin/cmake -S/home/lucius/Desktop/Uruk-Store -B/home/lucius/Desktop/Uruk-Store --check-build-system CMakeFiles/Makefile.cmake 0
make -s -f CMakeFiles/Makefile2 UrukStore
make[1]: Entering directory '/home/lucius/Desktop/Uruk-Store'
/usr/bin/cmake -S/home/lucius/Desktop/Uruk-Store -B/home/lucius/Desktop/Uruk-Store --check-build-system CMakeFiles/Makefile.cmake 0
/usr/bin/cmake -E cmake_progress_start /home/lucius/Desktop/Uruk-Store/CMakeFiles 5
make -s -f CMakeFiles/Makefile2 CMakeFiles/UrukStore.dir/all
make[2]: Entering directory '/home/lucius/Desktop/Uruk-Store'
make -s -f CMakeFiles/UrukStore.dir/build.make CMakeFiles/UrukStore.dir/depend
make[3]: Entering directory '/home/lucius/Desktop/Uruk-Store'
cd /home/lucius/Desktop/Uruk-Store && /usr/bin/cmake -E cmake_depends "Unix Makefiles" /home/lucius/Desktop/Uruk-Store /home/lucius/Desktop/Uruk-Store /home/lucius/Desktop/Uruk-Store /home/lucius/Desktop/Uruk-Store /home/lucius/Desktop/Uruk-Store/CMakeFiles/UrukStore.dir/DependInfo.cmake --color=
make[3]: Leaving directory '/home/lucius/Desktop/Uruk-Store'
make -s -f CMakeFiles/UrukStore.dir/build.make CMakeFiles/UrukStore.dir/build
 
make[3]: Entering directory '/home/lucius/Desktop/Uruk-Store'
/usr/bin/cmake -E cmake_echo_color --switch= --green --progress-dir=/home/lucius/Desktop/Uruk-Store/CMakeFiles --progress-num=1 "Building CXX object CMakeFiles/UrukStore.dir/Source/main.cpp.o"
/usr/bin/c++  -I/usr/include/gtkmm-3.0 -I/usr/lib/x86_64-linux-gnu/gtkmm-3.0/include -I/usr/include/atkmm-1.6 -I/usr/include/gtk-3.0/unix-print -I/usr/include/gdkmm-3.0 -I/usr/lib/x86_64-linux-gnu/gdkmm-3.0/include -I/usr/include/giomm-2.4 -I/usr/lib/x86_64-linux-gnu/giomm-2.4/include -I/usr/include/pangomm-1.4 -I/usr/lib/x86_64-linux-gnu/pangomm-1.4/include -I/usr/include/glibmm-2.4 -I/usr/lib/x86_64-linux-gnu/glibmm-2.4/include -I/usr/include/gtk-3.0 -I/usr/include/at-spi2-atk/2.0 -I/usr/include/at-spi-2.0 -I/usr/include/dbus-1.0 -I/usr/lib/x86_64-linux-gnu/dbus-1.0/include -I/usr/include/gio-unix-2.0 -I/usr/include/cairo -I/usr/include/pango-1.0 -I/usr/include/fribidi -I/usr/include/harfbuzz -I/usr/include/atk-1.0 -I/usr/include/cairomm-1.0 -I/usr/lib/x86_64-linux-gnu/cairomm-1.0/include -I/usr/include/pixman-1 -I/usr/include/uuid -I/usr/include/freetype2 -I/usr/include/libpng16 -I/usr/include/sigc++-2.0 -I/usr/lib/x86_64-linux-gnu/sigc++-2.0/include -I/usr/include/gdk-pixbuf-2.0 -I/usr/include/libmount -I/usr/include/blkid -I/usr/include/glib-2.0 -I/usr/lib/x86_64-linux-gnu/glib-2.0/include  -o CMakeFiles/UrukStore.dir/Source/main.cpp.o -c /home/lucius/Desktop/Uruk-Store/Source/main.cpp
/usr/bin/cmake -E cmake_echo_color --switch= --green --progress-dir=/home/lucius/Desktop/Uruk-Store/CMakeFiles --progress-num=2 "Building CXX object CMakeFiles/UrukStore.dir/Source/Base/Window.cpp.o"
/usr/bin/c++  -I/usr/include/gtkmm-3.0 -I/usr/lib/x86_64-linux-gnu/gtkmm-3.0/include -I/usr/include/atkmm-1.6 -I/usr/include/gtk-3.0/unix-print -I/usr/include/gdkmm-3.0 -I/usr/lib/x86_64-linux-gnu/gdkmm-3.0/include -I/usr/include/giomm-2.4 -I/usr/lib/x86_64-linux-gnu/giomm-2.4/include -I/usr/include/pangomm-1.4 -I/usr/lib/x86_64-linux-gnu/pangomm-1.4/include -I/usr/include/glibmm-2.4 -I/usr/lib/x86_64-linux-gnu/glibmm-2.4/include -I/usr/include/gtk-3.0 -I/usr/include/at-spi2-atk/2.0 -I/usr/include/at-spi-2.0 -I/usr/include/dbus-1.0 -I/usr/lib/x86_64-linux-gnu/dbus-1.0/include -I/usr/include/gio-unix-2.0 -I/usr/include/cairo -I/usr/include/pango-1.0 -I/usr/include/fribidi -I/usr/include/harfbuzz -I/usr/include/atk-1.0 -I/usr/include/cairomm-1.0 -I/usr/lib/x86_64-linux-gnu/cairomm-1.0/include -I/usr/include/pixman-1 -I/usr/include/uuid -I/usr/include/freetype2 -I/usr/include/libpng16 -I/usr/include/sigc++-2.0 -I/usr/lib/x86_64-linux-gnu/sigc++-2.0/include -I/usr/include/gdk-pixbuf-2.0 -I/usr/include/libmount -I/usr/include/blkid -I/usr/include/glib-2.0 -I/usr/lib/x86_64-linux-gnu/glib-2.0/include  -o CMakeFiles/UrukStore.dir/Source/Base/Window.cpp.o -c /home/lucius/Desktop/Uruk-Store/Source/Base/Window.cpp
/usr/bin/cmake -E cmake_echo_color --switch= --green --progress-dir=/home/lucius/Desktop/Uruk-Store/CMakeFiles --progress-num=3 "Building CXX object CMakeFiles/UrukStore.dir/Source/Pages/MainWindow.cpp.o"
/usr/bin/c++  -I/usr/include/gtkmm-3.0 -I/usr/lib/x86_64-linux-gnu/gtkmm-3.0/include -I/usr/include/atkmm-1.6 -I/usr/include/gtk-3.0/unix-print -I/usr/include/gdkmm-3.0 -I/usr/lib/x86_64-linux-gnu/gdkmm-3.0/include -I/usr/include/giomm-2.4 -I/usr/lib/x86_64-linux-gnu/giomm-2.4/include -I/usr/include/pangomm-1.4 -I/usr/lib/x86_64-linux-gnu/pangomm-1.4/include -I/usr/include/glibmm-2.4 -I/usr/lib/x86_64-linux-gnu/glibmm-2.4/include -I/usr/include/gtk-3.0 -I/usr/include/at-spi2-atk/2.0 -I/usr/include/at-spi-2.0 -I/usr/include/dbus-1.0 -I/usr/lib/x86_64-linux-gnu/dbus-1.0/include -I/usr/include/gio-unix-2.0 -I/usr/include/cairo -I/usr/include/pango-1.0 -I/usr/include/fribidi -I/usr/include/harfbuzz -I/usr/include/atk-1.0 -I/usr/include/cairomm-1.0 -I/usr/lib/x86_64-linux-gnu/cairomm-1.0/include -I/usr/include/pixman-1 -I/usr/include/uuid -I/usr/include/freetype2 -I/usr/include/libpng16 -I/usr/include/sigc++-2.0 -I/usr/lib/x86_64-linux-gnu/sigc++-2.0/include -I/usr/include/gdk-pixbuf-2.0 -I/usr/include/libmount -I/usr/include/blkid -I/usr/include/glib-2.0 -I/usr/lib/x86_64-linux-gnu/glib-2.0/include  -o CMakeFiles/UrukStore.dir/Source/Pages/MainWindow.cpp.o -c /home/lucius/Desktop/Uruk-Store/Source/Pages/MainWindow.cpp
/usr/bin/cmake -E cmake_echo_color --switch= --green --progress-dir=/home/lucius/Desktop/Uruk-Store/CMakeFiles --progress-num=4 "Building CXX object CMakeFiles/UrukStore.dir/Source/Helper/Apt.cpp.o"
/usr/bin/c++  -I/usr/include/gtkmm-3.0 -I/usr/lib/x86_64-linux-gnu/gtkmm-3.0/include -I/usr/include/atkmm-1.6 -I/usr/include/gtk-3.0/unix-print -I/usr/include/gdkmm-3.0 -I/usr/lib/x86_64-linux-gnu/gdkmm-3.0/include -I/usr/include/giomm-2.4 -I/usr/lib/x86_64-linux-gnu/giomm-2.4/include -I/usr/include/pangomm-1.4 -I/usr/lib/x86_64-linux-gnu/pangomm-1.4/include -I/usr/include/glibmm-2.4 -I/usr/lib/x86_64-linux-gnu/glibmm-2.4/include -I/usr/include/gtk-3.0 -I/usr/include/at-spi2-atk/2.0 -I/usr/include/at-spi-2.0 -I/usr/include/dbus-1.0 -I/usr/lib/x86_64-linux-gnu/dbus-1.0/include -I/usr/include/gio-unix-2.0 -I/usr/include/cairo -I/usr/include/pango-1.0 -I/usr/include/fribidi -I/usr/include/harfbuzz -I/usr/include/atk-1.0 -I/usr/include/cairomm-1.0 -I/usr/lib/x86_64-linux-gnu/cairomm-1.0/include -I/usr/include/pixman-1 -I/usr/include/uuid -I/usr/include/freetype2 -I/usr/include/libpng16 -I/usr/include/sigc++-2.0 -I/usr/lib/x86_64-linux-gnu/sigc++-2.0/include -I/usr/include/gdk-pixbuf-2.0 -I/usr/include/libmount -I/usr/include/blkid -I/usr/include/glib-2.0 -I/usr/lib/x86_64-linux-gnu/glib-2.0/include  -o CMakeFiles/UrukStore.dir/Source/Helper/Apt.cpp.o -c /home/lucius/Desktop/Uruk-Store/Source/Helper/Apt.cpp
/usr/bin/cmake -E cmake_echo_color --switch= --green --bold --progress-dir=/home/lucius/Desktop/Uruk-Store/CMakeFiles --progress-num=5 "Linking CXX executable UrukStore"
/usr/bin/cmake -E cmake_link_script CMakeFiles/UrukStore.dir/link.txt --verbose=
make[3]: Leaving directory '/home/lucius/Desktop/Uruk-Store'
/usr/bin/cmake -E cmake_echo_color --switch= --progress-dir=/home/lucius/Desktop/Uruk-Store/CMakeFiles --progress-num=1,2,3,4,5 "Built target UrukStore"
make[2]: Leaving directory '/home/lucius/Desktop/Uruk-Store'
/usr/bin/cmake -E cmake_progress_start /home/lucius/Desktop/Uruk-Store/CMakeFiles 0
make[1]: Leaving directory '/home/lucius/Desktop/Uruk-Store'
make: Leaving directory '/home/lucius/Desktop/Uruk-Store'
 
